mode: atomic
github.com/NachofraML/bootcamp-go-w8/05-go-testing/clase-03/mejoras-del-codigo/vivo/pkg/storage/storage.go:23.52,25.16 2 4
github.com/NachofraML/bootcamp-go-w8/05-go-testing/clase-03/mejoras-del-codigo/vivo/pkg/storage/storage.go:25.16,27.3 1 1
github.com/NachofraML/bootcamp-go-w8/05-go-testing/clase-03/mejoras-del-codigo/vivo/pkg/storage/storage.go:29.2,31.16 3 3
github.com/NachofraML/bootcamp-go-w8/05-go-testing/clase-03/mejoras-del-codigo/vivo/pkg/storage/storage.go:31.16,33.3 1 1
github.com/NachofraML/bootcamp-go-w8/05-go-testing/clase-03/mejoras-del-codigo/vivo/pkg/storage/storage.go:35.2,35.28 1 2
github.com/NachofraML/bootcamp-go-w8/05-go-testing/clase-03/mejoras-del-codigo/vivo/pkg/storage/storage.go:35.28,37.3 1 1
github.com/NachofraML/bootcamp-go-w8/05-go-testing/clase-03/mejoras-del-codigo/vivo/pkg/storage/storage.go:39.2,39.24 1 1
github.com/NachofraML/bootcamp-go-w8/05-go-testing/clase-03/mejoras-del-codigo/vivo/pkg/storage/storage.go:42.27,45.2 2 2
github.com/NachofraML/bootcamp-go-w8/05-go-testing/clase-03/mejoras-del-codigo/vivo/pkg/storage/storage_mock.go:8.57,10.2 1 0
github.com/NachofraML/bootcamp-go-w8/05-go-testing/clase-03/mejoras-del-codigo/vivo/pkg/storage/storage_mock.go:12.36,14.2 1 0
github.com/NachofraML/bootcamp-go-w8/05-go-testing/clase-03/mejoras-del-codigo/vivo/pkg/storage/storage.go:23.52,25.16 2 0
github.com/NachofraML/bootcamp-go-w8/05-go-testing/clase-03/mejoras-del-codigo/vivo/pkg/storage/storage.go:25.16,27.3 1 0
github.com/NachofraML/bootcamp-go-w8/05-go-testing/clase-03/mejoras-del-codigo/vivo/pkg/storage/storage.go:29.2,31.16 3 0
github.com/NachofraML/bootcamp-go-w8/05-go-testing/clase-03/mejoras-del-codigo/vivo/pkg/storage/storage.go:31.16,33.3 1 0
github.com/NachofraML/bootcamp-go-w8/05-go-testing/clase-03/mejoras-del-codigo/vivo/pkg/storage/storage.go:35.2,35.28 1 0
github.com/NachofraML/bootcamp-go-w8/05-go-testing/clase-03/mejoras-del-codigo/vivo/pkg/storage/storage.go:35.28,37.3 1 0
github.com/NachofraML/bootcamp-go-w8/05-go-testing/clase-03/mejoras-del-codigo/vivo/pkg/storage/storage.go:39.2,39.24 1 0
github.com/NachofraML/bootcamp-go-w8/05-go-testing/clase-03/mejoras-del-codigo/vivo/pkg/storage/storage.go:42.27,45.2 2 0
github.com/NachofraML/bootcamp-go-w8/05-go-testing/clase-03/mejoras-del-codigo/vivo/pkg/storage/storage_mock.go:8.57,10.2 1 12
github.com/NachofraML/bootcamp-go-w8/05-go-testing/clase-03/mejoras-del-codigo/vivo/pkg/storage/storage_mock.go:12.36,14.2 1 3
github.com/NachofraML/bootcamp-go-w8/05-go-testing/clase-03/mejoras-del-codigo/vivo/prey/tuna.go:10.35,12.2 1 3
github.com/NachofraML/bootcamp-go-w8/05-go-testing/clase-03/mejoras-del-codigo/vivo/prey/tuna.go:14.47,18.2 1 3
github.com/NachofraML/bootcamp-go-w8/05-go-testing/clase-03/mejoras-del-codigo/vivo/shark/white_shark.go:16.13,18.2 1 1
github.com/NachofraML/bootcamp-go-w8/05-go-testing/clase-03/mejoras-del-codigo/vivo/shark/white_shark.go:29.49,30.95 1 3
github.com/NachofraML/bootcamp-go-w8/05-go-testing/clase-03/mejoras-del-codigo/vivo/shark/white_shark.go:30.95,33.3 2 1
github.com/NachofraML/bootcamp-go-w8/05-go-testing/clase-03/mejoras-del-codigo/vivo/shark/white_shark.go:34.2,34.28 1 2
github.com/NachofraML/bootcamp-go-w8/05-go-testing/clase-03/mejoras-del-codigo/vivo/shark/white_shark.go:37.90,43.2 1 3
github.com/NachofraML/bootcamp-go-w8/05-go-testing/clase-03/mejoras-del-codigo/vivo/simulator/simulator.go:18.93,23.2 4 3
github.com/NachofraML/bootcamp-go-w8/05-go-testing/clase-03/mejoras-del-codigo/vivo/simulator/simulator.go:25.73,32.2 6 3
github.com/NachofraML/bootcamp-go-w8/05-go-testing/clase-03/mejoras-del-codigo/vivo/simulator/simulator.go:34.63,38.2 1 3
